# JRE version: Java(TM) SE Runtime Environment (20.0.2+9) (build 20.0.2+9-78)
# Java VM: Java HotSpot(TM) 64-Bit Server VM (20.0.2+9-78, mixed mode, sharing, tiered, compressed oops, compressed class ptrs, g1 gc, windows-amd64)
GC Precious Log:
 CardTable entry size: 512
 Card Set container configuration: InlinePtr #cards 4 size 8 Array Of Cards #cards 16 size 48 Howl #buckets 8 coarsen threshold 3686 Howl Bitmap #cards 512 size 80 coarsen threshold 460 Card regions per heap region 1 cards per card region 4096
 CPUs: 12 total, 12 available
 Memory: 16108M
 Large Page Support: Disabled
 NUMA Support: Disabled
 Compressed Oops: Enabled (Zero based)
 Heap Region Size: 2M
 Heap Min Capacity: 8M
 Heap Initial Capacity: 252M
 Heap Max Capacity: 4028M
 Pre-touch: Disabled
 Parallel Workers: 10
 Concurrent Workers: 3
 Concurrent Refinement Workers: 10
 Periodic GC: Disabled
Heap:
 garbage-first heap   total 102400K, used 89672K [0x0000000704400000, 0x0000000800000000)
  region size 2048K, 30 young (61440K), 2 survivors (4096K)
 Metaspace       used 60792K, committed 61312K, reserved 1114112K
  class space    used 7771K, committed 8000K, reserved 1048576K
GC Heap History (20 events):
Event: 5.350 GC heap after
{Heap after GC invocations=11 (full 0):
 garbage-first heap   total 83968K, used 22913K [0x0000000704400000, 0x0000000800000000)
  region size 2048K, 2 young (4096K), 2 survivors (4096K)
 Metaspace       used 35645K, committed 35968K, reserved 1114112K
  class space    used 4293K, committed 4480K, reserved 1048576K
}
Event: 6.149 GC heap before
{Heap before GC invocations=12 (full 0):
 garbage-first heap   total 83968K, used 67969K [0x0000000704400000, 0x0000000800000000)
  region size 2048K, 24 young (49152K), 2 survivors (4096K)
 Metaspace       used 36979K, committed 37312K, reserved 1114112K
  class space    used 4475K, committed 4608K, reserved 1048576K
}
Event: 6.151 GC heap after
{Heap after GC invocations=13 (full 0):
 garbage-first heap   total 83968K, used 23743K [0x0000000704400000, 0x0000000800000000)
  region size 2048K, 2 young (4096K), 2 survivors (4096K)
 Metaspace       used 36979K, committed 37312K, reserved 1114112K
  class space    used 4475K, committed 4608K, reserved 1048576K
}
Event: 6.722 GC heap before
{Heap before GC invocations=13 (full 0):
 garbage-first heap   total 83968K, used 68799K [0x0000000704400000, 0x0000000800000000)
  region size 2048K, 24 young (49152K), 2 survivors (4096K)
 Metaspace       used 40725K, committed 41152K, reserved 1114112K
  class space    used 5029K, committed 5184K, reserved 1048576K
}
Event: 6.725 GC heap after
{Heap after GC invocations=14 (full 0):
 garbage-first heap   total 83968K, used 24661K [0x0000000704400000, 0x0000000800000000)
  region size 2048K, 2 young (4096K), 2 survivors (4096K)
 Metaspace       used 40725K, committed 41152K, reserved 1114112K
  class space    used 5029K, committed 5184K, reserved 1048576K
}
Event: 7.185 GC heap before
{Heap before GC invocations=14 (full 0):
 garbage-first heap   total 83968K, used 69717K [0x0000000704400000, 0x0000000800000000)
  region size 2048K, 24 young (49152K), 2 survivors (4096K)
 Metaspace       used 45359K, committed 45824K, reserved 1114112K
  class space    used 5723K, committed 5952K, reserved 1048576K
}
Event: 7.189 GC heap after
{Heap after GC invocations=15 (full 0):
 garbage-first heap   total 83968K, used 25943K [0x0000000704400000, 0x0000000800000000)
  region size 2048K, 3 young (6144K), 3 survivors (6144K)
 Metaspace       used 45359K, committed 45824K, reserved 1114112K
  class space    used 5723K, committed 5952K, reserved 1048576K
}
Event: 7.726 GC heap before
{Heap before GC invocations=15 (full 0):
 garbage-first heap   total 83968K, used 68951K [0x0000000704400000, 0x0000000800000000)
  region size 2048K, 24 young (49152K), 3 survivors (6144K)
 Metaspace       used 49079K, committed 49472K, reserved 1114112K
  class space    used 6218K, committed 6400K, reserved 1048576K
}
Event: 7.729 GC heap after
{Heap after GC invocations=16 (full 0):
 garbage-first heap   total 83968K, used 27100K [0x0000000704400000, 0x0000000800000000)
  region size 2048K, 3 young (6144K), 3 survivors (6144K)
 Metaspace       used 49079K, committed 49472K, reserved 1114112K
  class space    used 6218K, committed 6400K, reserved 1048576K
}
Event: 8.171 GC heap before
{Heap before GC invocations=16 (full 0):
 garbage-first heap   total 83968K, used 68060K [0x0000000704400000, 0x0000000800000000)
  region size 2048K, 23 young (47104K), 3 survivors (6144K)
 Metaspace       used 52100K, committed 52608K, reserved 1114112K
  class space    used 6676K, committed 6912K, reserved 1048576K
}
Event: 8.177 GC heap after
{Heap after GC invocations=17 (full 0):
 garbage-first heap   total 83968K, used 28156K [0x0000000704400000, 0x0000000800000000)
  region size 2048K, 2 young (4096K), 2 survivors (4096K)
 Metaspace       used 52100K, committed 52608K, reserved 1114112K
  class space    used 6676K, committed 6912K, reserved 1048576K
}
Event: 8.613 GC heap before
{Heap before GC invocations=17 (full 0):
 garbage-first heap   total 83968K, used 73212K [0x0000000704400000, 0x0000000800000000)
  region size 2048K, 24 young (49152K), 2 survivors (4096K)
 Metaspace       used 54069K, committed 54528K, reserved 1114112K
  class space    used 6895K, committed 7104K, reserved 1048576K
}
Event: 8.615 GC heap after
{Heap after GC invocations=18 (full 0):
 garbage-first heap   total 83968K, used 28925K [0x0000000704400000, 0x0000000800000000)
  region size 2048K, 2 young (4096K), 2 survivors (4096K)
 Metaspace       used 54069K, committed 54528K, reserved 1114112K
  class space    used 6895K, committed 7104K, reserved 1048576K
}
Event: 9.179 GC heap before
{Heap before GC invocations=18 (full 0):
 garbage-first heap   total 83968K, used 71933K [0x0000000704400000, 0x0000000800000000)
  region size 2048K, 23 young (47104K), 2 survivors (4096K)
 Metaspace       used 57057K, committed 57472K, reserved 1114112K
  class space    used 7284K, committed 7488K, reserved 1048576K
}
Event: 9.182 GC heap after
{Heap after GC invocations=19 (full 0):
 garbage-first heap   total 83968K, used 31247K [0x0000000704400000, 0x0000000800000000)
  region size 2048K, 3 young (6144K), 3 survivors (6144K)
 Metaspace       used 57057K, committed 57472K, reserved 1114112K
  class space    used 7284K, committed 7488K, reserved 1048576K
}
Event: 9.627 GC heap before
{Heap before GC invocations=19 (full 0):
 garbage-first heap   total 83968K, used 64015K [0x0000000704400000, 0x0000000800000000)
  region size 2048K, 20 young (40960K), 3 survivors (6144K)
 Metaspace       used 59714K, committed 60160K, reserved 1114112K
  class space    used 7641K, committed 7872K, reserved 1048576K
}
Event: 9.631 GC heap after
{Heap after GC invocations=20 (full 0):
 garbage-first heap   total 83968K, used 31914K [0x0000000704400000, 0x0000000800000000)
  region size 2048K, 3 young (6144K), 3 survivors (6144K)
 Metaspace       used 59714K, committed 60160K, reserved 1114112K
  class space    used 7641K, committed 7872K, reserved 1048576K
}
Event: 11.674 GC heap before
{Heap before GC invocations=21 (full 0):
 garbage-first heap   total 83968K, used 68778K [0x0000000704400000, 0x0000000800000000)
  region size 2048K, 21 young (43008K), 3 survivors (6144K)
 Metaspace       used 60782K, committed 61312K, reserved 1114112K
  class space    used 7770K, committed 8000K, reserved 1048576K
}
Event: 11.690 GC heap after
{Heap after GC invocations=22 (full 0):
 garbage-first heap   total 102400K, used 32328K [0x0000000704400000, 0x0000000800000000)
  region size 2048K, 2 young (4096K), 2 survivors (4096K)
 Metaspace       used 60782K, committed 61312K, reserved 1114112K
  class space    used 7770K, committed 8000K, reserved 1048576K
}
Event: 18.689 GC heap before
{Heap before GC invocations=22 (full 0):
 garbage-first heap   total 102400K, used 89672K [0x0000000704400000, 0x0000000800000000)
  region size 2048K, 30 young (61440K), 2 survivors (4096K)
 Metaspace       used 60792K, committed 61312K, reserved 1114112K
  class space    used 7771K, committed 8000K, reserved 1048576K
}

