# JRE version: Java(TM) SE Runtime Environment (20.0.2+9) (build 20.0.2+9-78)
# Java VM: Java HotSpot(TM) 64-Bit Server VM (20.0.2+9-78, mixed mode, sharing, tiered, compressed oops, compressed class ptrs, g1 gc, windows-amd64)
GC Precious Log:
 CardTable entry size: 512
 Card Set container configuration: InlinePtr #cards 4 size 8 Array Of Cards #cards 32 size 80 Howl #buckets 8 coarsen threshold 7372 Howl Bitmap #cards 1024 size 144 coarsen threshold 921 Card regions per heap region 1 cards per card region 8192
 CPUs: 8 total, 8 available
 Memory: 32610M
 Large Page Support: Disabled
 NUMA Support: Disabled
 Compressed Oops: Enabled (Zero based)
 Heap Region Size: 4M
 Heap Min Capacity: 8M
 Heap Initial Capacity: 512M
 Heap Max Capacity: 8156M
 Pre-touch: Disabled
 Parallel Workers: 8
 Concurrent Workers: 2
 Concurrent Refinement Workers: 8
 Periodic GC: Disabled
Heap:
 garbage-first heap   total 110592K, used 93828K [0x0000000602400000, 0x0000000800000000)
  region size 4096K, 16 young (65536K), 1 survivors (4096K)
 Metaspace       used 60791K, committed 61184K, reserved 1114112K
  class space    used 7759K, committed 7936K, reserved 1048576K
GC Heap History (20 events):
Event: 12.543 GC heap after
{Heap after GC invocations=14 (full 0):
 garbage-first heap   total 110592K, used 26638K [0x0000000602400000, 0x0000000800000000)
  region size 4096K, 2 young (8192K), 2 survivors (8192K)
 Metaspace       used 48791K, committed 49216K, reserved 1114112K
  class space    used 6179K, committed 6400K, reserved 1048576K
}
Event: 13.468 GC heap before
{Heap before GC invocations=14 (full 0):
 garbage-first heap   total 110592K, used 83982K [0x0000000602400000, 0x0000000800000000)
  region size 4096K, 16 young (65536K), 2 survivors (8192K)
 Metaspace       used 52982K, committed 53440K, reserved 1114112K
  class space    used 6817K, committed 7040K, reserved 1048576K
}
Event: 13.474 GC heap after
{Heap after GC invocations=15 (full 0):
 garbage-first heap   total 110592K, used 28082K [0x0000000602400000, 0x0000000800000000)
  region size 4096K, 2 young (8192K), 2 survivors (8192K)
 Metaspace       used 52982K, committed 53440K, reserved 1114112K
  class space    used 6817K, committed 7040K, reserved 1048576K
}
Event: 14.401 GC heap before
{Heap before GC invocations=15 (full 0):
 garbage-first heap   total 110592K, used 85426K [0x0000000602400000, 0x0000000800000000)
  region size 4096K, 16 young (65536K), 2 survivors (8192K)
 Metaspace       used 55699K, committed 56128K, reserved 1114112K
  class space    used 7127K, committed 7360K, reserved 1048576K
}
Event: 14.406 GC heap after
{Heap after GC invocations=16 (full 0):
 garbage-first heap   total 110592K, used 29513K [0x0000000602400000, 0x0000000800000000)
  region size 4096K, 2 young (8192K), 2 survivors (8192K)
 Metaspace       used 55699K, committed 56128K, reserved 1114112K
  class space    used 7127K, committed 7360K, reserved 1048576K
}
Event: 15.295 GC heap before
{Heap before GC invocations=16 (full 0):
 garbage-first heap   total 110592K, used 82761K [0x0000000602400000, 0x0000000800000000)
  region size 4096K, 16 young (65536K), 2 survivors (8192K)
 Metaspace       used 60020K, committed 60416K, reserved 1114112K
  class space    used 7658K, committed 7872K, reserved 1048576K
}
Event: 15.301 GC heap after
{Heap after GC invocations=17 (full 0):
 garbage-first heap   total 110592K, used 32052K [0x0000000602400000, 0x0000000800000000)
  region size 4096K, 2 young (8192K), 2 survivors (8192K)
 Metaspace       used 60020K, committed 60416K, reserved 1114112K
  class space    used 7658K, committed 7872K, reserved 1048576K
}
Event: 21.676 GC heap before
{Heap before GC invocations=18 (full 0):
 garbage-first heap   total 110592K, used 89396K [0x0000000602400000, 0x0000000800000000)
  region size 4096K, 16 young (65536K), 2 survivors (8192K)
 Metaspace       used 60774K, committed 61184K, reserved 1114112K
  class space    used 7757K, committed 7936K, reserved 1048576K
}
Event: 21.681 GC heap after
{Heap after GC invocations=19 (full 0):
 garbage-first heap   total 110592K, used 32613K [0x0000000602400000, 0x0000000800000000)
  region size 4096K, 2 young (8192K), 2 survivors (8192K)
 Metaspace       used 60774K, committed 61184K, reserved 1114112K
  class space    used 7757K, committed 7936K, reserved 1048576K
}
Event: 32.766 GC heap before
{Heap before GC invocations=19 (full 0):
 garbage-first heap   total 110592K, used 89957K [0x0000000602400000, 0x0000000800000000)
  region size 4096K, 16 young (65536K), 2 survivors (8192K)
 Metaspace       used 60776K, committed 61184K, reserved 1114112K
  class space    used 7757K, committed 7936K, reserved 1048576K
}
Event: 32.770 GC heap after
{Heap after GC invocations=20 (full 0):
 garbage-first heap   total 110592K, used 32593K [0x0000000602400000, 0x0000000800000000)
  region size 4096K, 1 young (4096K), 1 survivors (4096K)
 Metaspace       used 60776K, committed 61184K, reserved 1114112K
  class space    used 7757K, committed 7936K, reserved 1048576K
}
Event: 44.244 GC heap before
{Heap before GC invocations=20 (full 0):
 garbage-first heap   total 110592K, used 94033K [0x0000000602400000, 0x0000000800000000)
  region size 4096K, 16 young (65536K), 1 survivors (4096K)
 Metaspace       used 60779K, committed 61184K, reserved 1114112K
  class space    used 7757K, committed 7936K, reserved 1048576K
}
Event: 44.247 GC heap after
{Heap after GC invocations=21 (full 0):
 garbage-first heap   total 110592K, used 32397K [0x0000000602400000, 0x0000000800000000)
  region size 4096K, 1 young (4096K), 1 survivors (4096K)
 Metaspace       used 60779K, committed 61184K, reserved 1114112K
  class space    used 7757K, committed 7936K, reserved 1048576K
}
Event: 55.902 GC heap before
{Heap before GC invocations=21 (full 0):
 garbage-first heap   total 110592K, used 93837K [0x0000000602400000, 0x0000000800000000)
  region size 4096K, 16 young (65536K), 1 survivors (4096K)
 Metaspace       used 60779K, committed 61184K, reserved 1114112K
  class space    used 7757K, committed 7936K, reserved 1048576K
}
Event: 55.905 GC heap after
{Heap after GC invocations=22 (full 0):
 garbage-first heap   total 110592K, used 32615K [0x0000000602400000, 0x0000000800000000)
  region size 4096K, 1 young (4096K), 1 survivors (4096K)
 Metaspace       used 60779K, committed 61184K, reserved 1114112K
  class space    used 7757K, committed 7936K, reserved 1048576K
}
Event: 67.410 GC heap before
{Heap before GC invocations=22 (full 0):
 garbage-first heap   total 110592K, used 94055K [0x0000000602400000, 0x0000000800000000)
  region size 4096K, 16 young (65536K), 1 survivors (4096K)
 Metaspace       used 60779K, committed 61184K, reserved 1114112K
  class space    used 7757K, committed 7936K, reserved 1048576K
}
Event: 67.413 GC heap after
{Heap after GC invocations=23 (full 0):
 garbage-first heap   total 110592K, used 32451K [0x0000000602400000, 0x0000000800000000)
  region size 4096K, 1 young (4096K), 1 survivors (4096K)
 Metaspace       used 60779K, committed 61184K, reserved 1114112K
  class space    used 7757K, committed 7936K, reserved 1048576K
}
Event: 79.072 GC heap before
{Heap before GC invocations=23 (full 0):
 garbage-first heap   total 110592K, used 93891K [0x0000000602400000, 0x0000000800000000)
  region size 4096K, 16 young (65536K), 1 survivors (4096K)
 Metaspace       used 60780K, committed 61184K, reserved 1114112K
  class space    used 7758K, committed 7936K, reserved 1048576K
}
Event: 79.076 GC heap after
{Heap after GC invocations=24 (full 0):
 garbage-first heap   total 110592K, used 32388K [0x0000000602400000, 0x0000000800000000)
  region size 4096K, 1 young (4096K), 1 survivors (4096K)
 Metaspace       used 60780K, committed 61184K, reserved 1114112K
  class space    used 7758K, committed 7936K, reserved 1048576K
}
Event: 91.873 GC heap before
{Heap before GC invocations=24 (full 0):
 garbage-first heap   total 110592K, used 93828K [0x0000000602400000, 0x0000000800000000)
  region size 4096K, 16 young (65536K), 1 survivors (4096K)
 Metaspace       used 60791K, committed 61184K, reserved 1114112K
  class space    used 7759K, committed 7936K, reserved 1048576K
}

