# JRE version: Java(TM) SE Runtime Environment (20.0.2+9) (build 20.0.2+9-78)
# Java VM: Java HotSpot(TM) 64-Bit Server VM (20.0.2+9-78, mixed mode, sharing, tiered, compressed oops, compressed class ptrs, g1 gc, windows-amd64)
GC Precious Log:
 CardTable entry size: 512
 Card Set container configuration: InlinePtr #cards 4 size 8 Array Of Cards #cards 32 size 80 Howl #buckets 8 coarsen threshold 7372 Howl Bitmap #cards 1024 size 144 coarsen threshold 921 Card regions per heap region 1 cards per card region 8192
 CPUs: 8 total, 8 available
 Memory: 32610M
 Large Page Support: Disabled
 NUMA Support: Disabled
 Compressed Oops: Enabled (Zero based)
 Heap Region Size: 4M
 Heap Min Capacity: 8M
 Heap Initial Capacity: 512M
 Heap Max Capacity: 8156M
 Pre-touch: Disabled
 Parallel Workers: 8
 Concurrent Workers: 2
 Concurrent Refinement Workers: 8
 Periodic GC: Disabled
Heap:
 garbage-first heap   total 122880K, used 97626K [0x0000000602400000, 0x0000000800000000)
  region size 4096K, 18 young (73728K), 2 survivors (8192K)
 Metaspace       used 60848K, committed 61312K, reserved 1114112K
  class space    used 7756K, committed 7936K, reserved 1048576K
GC Heap History (20 events):
Event: 41.580 GC heap after
{Heap after GC invocations=21 (full 0):
 garbage-first heap   total 122880K, used 31990K [0x0000000602400000, 0x0000000800000000)
  region size 4096K, 2 young (8192K), 2 survivors (8192K)
 Metaspace       used 60837K, committed 61312K, reserved 1114112K
  class space    used 7754K, committed 7936K, reserved 1048576K
}
Event: 56.485 GC heap before
{Heap before GC invocations=21 (full 0):
 garbage-first heap   total 122880K, used 97526K [0x0000000602400000, 0x0000000800000000)
  region size 4096K, 18 young (73728K), 2 survivors (8192K)
 Metaspace       used 60837K, committed 61312K, reserved 1114112K
  class space    used 7754K, committed 7936K, reserved 1048576K
}
Event: 56.496 GC heap after
{Heap after GC invocations=22 (full 0):
 garbage-first heap   total 122880K, used 31938K [0x0000000602400000, 0x0000000800000000)
  region size 4096K, 2 young (8192K), 2 survivors (8192K)
 Metaspace       used 60837K, committed 61312K, reserved 1114112K
  class space    used 7754K, committed 7936K, reserved 1048576K
}
Event: 68.446 GC heap before
{Heap before GC invocations=22 (full 0):
 garbage-first heap   total 122880K, used 97474K [0x0000000602400000, 0x0000000800000000)
  region size 4096K, 18 young (73728K), 2 survivors (8192K)
 Metaspace       used 60837K, committed 61312K, reserved 1114112K
  class space    used 7754K, committed 7936K, reserved 1048576K
}
Event: 68.450 GC heap after
{Heap after GC invocations=23 (full 0):
 garbage-first heap   total 122880K, used 31976K [0x0000000602400000, 0x0000000800000000)
  region size 4096K, 2 young (8192K), 2 survivors (8192K)
 Metaspace       used 60837K, committed 61312K, reserved 1114112K
  class space    used 7754K, committed 7936K, reserved 1048576K
}
Event: 80.442 GC heap before
{Heap before GC invocations=23 (full 0):
 garbage-first heap   total 122880K, used 97512K [0x0000000602400000, 0x0000000800000000)
  region size 4096K, 18 young (73728K), 2 survivors (8192K)
 Metaspace       used 60842K, committed 61312K, reserved 1114112K
  class space    used 7755K, committed 7936K, reserved 1048576K
}
Event: 80.447 GC heap after
{Heap after GC invocations=24 (full 0):
 garbage-first heap   total 122880K, used 31795K [0x0000000602400000, 0x0000000800000000)
  region size 4096K, 2 young (8192K), 2 survivors (8192K)
 Metaspace       used 60842K, committed 61312K, reserved 1114112K
  class space    used 7755K, committed 7936K, reserved 1048576K
}
Event: 96.424 GC heap before
{Heap before GC invocations=24 (full 0):
 garbage-first heap   total 122880K, used 97331K [0x0000000602400000, 0x0000000800000000)
  region size 4096K, 18 young (73728K), 2 survivors (8192K)
 Metaspace       used 60842K, committed 61312K, reserved 1114112K
  class space    used 7755K, committed 7936K, reserved 1048576K
}
Event: 96.428 GC heap after
{Heap after GC invocations=25 (full 0):
 garbage-first heap   total 122880K, used 32287K [0x0000000602400000, 0x0000000800000000)
  region size 4096K, 2 young (8192K), 2 survivors (8192K)
 Metaspace       used 60842K, committed 61312K, reserved 1114112K
  class space    used 7755K, committed 7936K, reserved 1048576K
}
Event: 108.723 GC heap before
{Heap before GC invocations=25 (full 0):
 garbage-first heap   total 122880K, used 97823K [0x0000000602400000, 0x0000000800000000)
  region size 4096K, 18 young (73728K), 2 survivors (8192K)
 Metaspace       used 60843K, committed 61312K, reserved 1114112K
  class space    used 7755K, committed 7936K, reserved 1048576K
}
Event: 108.728 GC heap after
{Heap after GC invocations=26 (full 0):
 garbage-first heap   total 122880K, used 31987K [0x0000000602400000, 0x0000000800000000)
  region size 4096K, 2 young (8192K), 2 survivors (8192K)
 Metaspace       used 60843K, committed 61312K, reserved 1114112K
  class space    used 7755K, committed 7936K, reserved 1048576K
}
Event: 120.749 GC heap before
{Heap before GC invocations=26 (full 0):
 garbage-first heap   total 122880K, used 97523K [0x0000000602400000, 0x0000000800000000)
  region size 4096K, 18 young (73728K), 2 survivors (8192K)
 Metaspace       used 60843K, committed 61312K, reserved 1114112K
  class space    used 7755K, committed 7936K, reserved 1048576K
}
Event: 120.753 GC heap after
{Heap after GC invocations=27 (full 0):
 garbage-first heap   total 122880K, used 32083K [0x0000000602400000, 0x0000000800000000)
  region size 4096K, 2 young (8192K), 2 survivors (8192K)
 Metaspace       used 60843K, committed 61312K, reserved 1114112K
  class space    used 7755K, committed 7936K, reserved 1048576K
}
Event: 132.835 GC heap before
{Heap before GC invocations=27 (full 0):
 garbage-first heap   total 122880K, used 97619K [0x0000000602400000, 0x0000000800000000)
  region size 4096K, 18 young (73728K), 2 survivors (8192K)
 Metaspace       used 60843K, committed 61312K, reserved 1114112K
  class space    used 7755K, committed 7936K, reserved 1048576K
}
Event: 132.840 GC heap after
{Heap after GC invocations=28 (full 0):
 garbage-first heap   total 122880K, used 32184K [0x0000000602400000, 0x0000000800000000)
  region size 4096K, 2 young (8192K), 2 survivors (8192K)
 Metaspace       used 60843K, committed 61312K, reserved 1114112K
  class space    used 7755K, committed 7936K, reserved 1048576K
}
Event: 144.836 GC heap before
{Heap before GC invocations=28 (full 0):
 garbage-first heap   total 122880K, used 97720K [0x0000000602400000, 0x0000000800000000)
  region size 4096K, 18 young (73728K), 2 survivors (8192K)
 Metaspace       used 60843K, committed 61312K, reserved 1114112K
  class space    used 7755K, committed 7936K, reserved 1048576K
}
Event: 144.840 GC heap after
{Heap after GC invocations=29 (full 0):
 garbage-first heap   total 122880K, used 32310K [0x0000000602400000, 0x0000000800000000)
  region size 4096K, 2 young (8192K), 2 survivors (8192K)
 Metaspace       used 60843K, committed 61312K, reserved 1114112K
  class space    used 7755K, committed 7936K, reserved 1048576K
}
Event: 156.940 GC heap before
{Heap before GC invocations=29 (full 0):
 garbage-first heap   total 122880K, used 97846K [0x0000000602400000, 0x0000000800000000)
  region size 4096K, 18 young (73728K), 2 survivors (8192K)
 Metaspace       used 60843K, committed 61312K, reserved 1114112K
  class space    used 7755K, committed 7936K, reserved 1048576K
}
Event: 156.945 GC heap after
{Heap after GC invocations=30 (full 0):
 garbage-first heap   total 122880K, used 32090K [0x0000000602400000, 0x0000000800000000)
  region size 4096K, 2 young (8192K), 2 survivors (8192K)
 Metaspace       used 60843K, committed 61312K, reserved 1114112K
  class space    used 7755K, committed 7936K, reserved 1048576K
}
Event: 170.206 GC heap before
{Heap before GC invocations=30 (full 0):
 garbage-first heap   total 122880K, used 97626K [0x0000000602400000, 0x0000000800000000)
  region size 4096K, 18 young (73728K), 2 survivors (8192K)
 Metaspace       used 60848K, committed 61312K, reserved 1114112K
  class space    used 7756K, committed 7936K, reserved 1048576K
}

